TN:
SF:/usr/include/c++/11/bits/vector.tcc
FN:426,_ZNSt6vectorIiSaIiEE17_M_realloc_insertIJRKiEEEvN9__gnu_cxx17__normal_iteratorIPiS1_EEDpOT_
FNDA:8,_ZNSt6vectorIiSaIiEE17_M_realloc_insertIJRKiEEEvN9__gnu_cxx17__normal_iteratorIPiS1_EEDpOT_
FN:611,_ZNSt6vectorINSt7__cxx114listIiSaIiEEESaIS3_EE17_M_default_appendEm
FNDA:2,_ZNSt6vectorINSt7__cxx114listIiSaIiEEESaIS3_EE17_M_default_appendEm
DA:426,8
DA:436,8
DA:437,8
DA:438,8
DA:439,8
DA:440,8
DA:441,8
DA:449,8
DA:450,8
DA:456,8
DA:461,8
DA:462,8
DA:464,8
DA:466,8
DA:467,8
DA:500,8
DA:501,8
DA:502,8
DA:503,8
DA:504,8
DA:505,8
DA:611,2
DA:614,2
DA:616,2
DA:617,2
DA:618,2
DA:620,2
DA:621,0
DA:623,2
DA:626,0
DA:627,0
DA:628,0
DA:634,2
DA:635,2
DA:640,2
DA:641,2
DA:643,0
DA:645,0
DA:646,0
DA:648,2
DA:649,2
DA:675,2
DA:676,2
DA:677,2
DA:678,2
DA:679,2
DA:680,2
DA:683,2
end_of_record
SF:/usr/include/c++/11/bits/allocated_ptr.h
FN:53,_ZNSt15__allocated_ptrISaISt10_List_nodeIiEEEC2ERS2_PS1_
FNDA:24,_ZNSt15__allocated_ptrISaISt10_List_nodeIiEEEC2ERS2_PS1_
FN:71,_ZNSt15__allocated_ptrISaISt10_List_nodeIiEEED2Ev
FNDA:24,_ZNSt15__allocated_ptrISaISt10_List_nodeIiEEED2Ev
FN:79,_ZNSt15__allocated_ptrISaISt10_List_nodeIiEEEaSEDn
FNDA:24,_ZNSt15__allocated_ptrISaISt10_List_nodeIiEEEaSEDn
DA:53,24
DA:54,24
DA:55,24
DA:71,24
DA:73,24
DA:74,0
DA:75,24
DA:79,24
DA:81,24
DA:82,24
end_of_record
SF:/usr/include/c++/11/bits/alloc_traits.h
FN:463,_ZNSt16allocator_traitsISaIPiEE8allocateERS1_m
FNDA:2,_ZNSt16allocator_traitsISaIPiEE8allocateERS1_m
FN:463,_ZNSt16allocator_traitsISaISt10_List_nodeIiEEE8allocateERS2_m
FNDA:24,_ZNSt16allocator_traitsISaISt10_List_nodeIiEEE8allocateERS2_m
FN:463,_ZNSt16allocator_traitsISaIiEE8allocateERS0_m
FNDA:10,_ZNSt16allocator_traitsISaIiEE8allocateERS0_m
FN:463,_ZNSt16allocator_traitsISaImEE8allocateERS0_m
FNDA:2,_ZNSt16allocator_traitsISaImEE8allocateERS0_m
FN:463,_ZNSt16allocator_traitsISaINSt7__cxx114listIiSaIiEEEEE8allocateERS4_m
FNDA:2,_ZNSt16allocator_traitsISaINSt7__cxx114listIiSaIiEEEEE8allocateERS4_m
FN:495,_ZNSt16allocator_traitsISaINSt7__cxx114listIiSaIiEEEEE10deallocateERS4_PS3_m
FNDA:2,_ZNSt16allocator_traitsISaINSt7__cxx114listIiSaIiEEEEE10deallocateERS4_PS3_m
FN:495,_ZNSt16allocator_traitsISaISt10_List_nodeIiEEE10deallocateERS2_PS1_m
FNDA:24,_ZNSt16allocator_traitsISaISt10_List_nodeIiEEE10deallocateERS2_PS1_m
FN:495,_ZNSt16allocator_traitsISaIiEE10deallocateERS0_Pim
FNDA:10,_ZNSt16allocator_traitsISaIiEE10deallocateERS0_Pim
FN:495,_ZNSt16allocator_traitsISaIPiEE10deallocateERS1_PS0_m
FNDA:2,_ZNSt16allocator_traitsISaIPiEE10deallocateERS1_PS0_m
FN:495,_ZNSt16allocator_traitsISaImEE10deallocateERS0_Pmm
FNDA:2,_ZNSt16allocator_traitsISaImEE10deallocateERS0_Pmm
FN:511,_ZNSt16allocator_traitsISaINSt7__cxx114listIiSaIiEEEEE9constructIS3_JS3_EEEvRS4_PT_DpOT0_
FNDA:0,_ZNSt16allocator_traitsISaINSt7__cxx114listIiSaIiEEEEE9constructIS3_JS3_EEEvRS4_PT_DpOT0_
FN:511,_ZNSt16allocator_traitsISaIiEE9constructIiJRKiEEEvRS0_PT_DpOT0_
FNDA:28,_ZNSt16allocator_traitsISaIiEE9constructIiJRKiEEEvRS0_PT_DpOT0_
FN:511,_ZNSt16allocator_traitsISaISt10_List_nodeIiEEE9constructIiJRKiEEEvRS2_PT_DpOT0_
FNDA:24,_ZNSt16allocator_traitsISaISt10_List_nodeIiEEE9constructIiJRKiEEEvRS2_PT_DpOT0_
FN:531,_ZNSt16allocator_traitsISaISt10_List_nodeIiEEE7destroyIiEEvRS2_PT_
FNDA:24,_ZNSt16allocator_traitsISaISt10_List_nodeIiEEE7destroyIiEEvRS2_PT_
FN:531,_ZNSt16allocator_traitsISaIiEE7destroyIiEEvRS0_PT_
FNDA:14,_ZNSt16allocator_traitsISaIiEE7destroyIiEEvRS0_PT_
FN:531,_ZNSt16allocator_traitsISaINSt7__cxx114listIiSaIiEEEEE7destroyIS3_EEvRS4_PT_
FNDA:0,_ZNSt16allocator_traitsISaINSt7__cxx114listIiSaIiEEEEE7destroyIS3_EEvRS4_PT_
FN:547,_ZNSt16allocator_traitsISaINSt7__cxx114listIiSaIiEEEEE8max_sizeERKS4_
FNDA:8,_ZNSt16allocator_traitsISaINSt7__cxx114listIiSaIiEEEEE8max_sizeERKS4_
FN:547,_ZNSt16allocator_traitsISaIiEE8max_sizeERKS0_
FNDA:16,_ZNSt16allocator_traitsISaIiEE8max_sizeERKS0_
FN:845,_ZSt8_DestroyIPiiEvT_S1_RSaIT0_E
FNDA:2,_ZSt8_DestroyIPiiEvT_S1_RSaIT0_E
FN:845,_ZSt8_DestroyIPNSt7__cxx114listIiSaIiEEES3_EvT_S5_RSaIT0_E
FNDA:2,_ZSt8_DestroyIPNSt7__cxx114listIiSaIiEEES3_EvT_S5_RSaIT0_E
DA:463,2
DA:464,2
DA:463,24
DA:464,24
DA:463,10
DA:464,10
DA:463,2
DA:464,2
DA:463,2
DA:464,2
DA:495,24
DA:496,24
DA:495,2
DA:496,2
DA:495,2
DA:496,2
DA:495,10
DA:496,10
DA:495,2
DA:496,2
DA:511,0
DA:516,0
DA:520,0
DA:511,24
DA:516,24
DA:520,24
DA:511,28
DA:516,28
DA:520,28
DA:531,0
DA:535,0
DA:539,0
DA:531,24
DA:535,24
DA:539,24
DA:531,14
DA:535,14
DA:539,14
DA:547,16
DA:550,16
DA:547,8
DA:550,8
DA:845,2
DA:848,2
DA:849,2
DA:845,2
DA:848,2
DA:849,2
end_of_record
SF:/usr/include/c++/11/iostream
end_of_record
SF:/usr/include/c++/11/bits/stl_iterator.h
FN:1027,_ZN9__gnu_cxx17__normal_iteratorIPiSt6vectorIiSaIiEEEC2ERKS1_
FNDA:16,_ZN9__gnu_cxx17__normal_iteratorIPiSt6vectorIiSaIiEEEC2ERKS1_
FN:1105,_ZNK9__gnu_cxx17__normal_iteratorIPiSt6vectorIiSaIiEEE4baseEv
FNDA:32,_ZNK9__gnu_cxx17__normal_iteratorIPiSt6vectorIiSaIiEEE4baseEv
FN:1268,_ZN9__gnu_cxxmiIPiSt6vectorIiSaIiEEEENS_17__normal_iteratorIT_T0_E15difference_typeERKS8_SB_
FNDA:8,_ZN9__gnu_cxxmiIPiSt6vectorIiSaIiEEEENS_17__normal_iteratorIT_T0_E15difference_typeERKS8_SB_
DA:1027,16
DA:1028,16
DA:1105,32
DA:1106,32
DA:1268,8
DA:1271,8
end_of_record
SF:/usr/include/c++/11/ext/aligned_buffer.h
FN:64,_ZN9__gnu_cxx16__aligned_membufIiE7_M_addrEv
FNDA:120,_ZN9__gnu_cxx16__aligned_membufIiE7_M_addrEv
FN:72,_ZN9__gnu_cxx16__aligned_membufIiE6_M_ptrEv
FNDA:120,_ZN9__gnu_cxx16__aligned_membufIiE6_M_ptrEv
DA:64,120
DA:65,120
DA:72,120
DA:73,120
end_of_record
SF:/usr/include/c++/11/bits/list.tcc
FN:66,_ZNSt7__cxx1110_List_baseIiSaIiEE8_M_clearEv
FNDA:36,_ZNSt7__cxx1110_List_baseIiSaIiEE8_M_clearEv
FN:331,_ZNSt7__cxx114listIiSaIiEE6removeERKi
FNDA:24,_ZNSt7__cxx114listIiSaIiEE6removeERKi
DA:66,36
DA:70,36
DA:71,60
DA:73,24
DA:74,24
DA:75,24
DA:77,24
DA:81,24
DA:83,36
DA:331,24
DA:337,24
DA:338,24
DA:339,24
DA:340,60
DA:342,36
DA:343,36
DA:344,36
DA:349,24
DA:355,36
DA:361,24
DA:363,24
end_of_record
SF:/usr/include/c++/11/bits/cpp_type_traits.h
FN:560,_ZSt12__miter_baseIPPiET_S2_
FNDA:0,_ZSt12__miter_baseIPPiET_S2_
DA:560,0
DA:561,0
end_of_record
SF:/usr/include/c++/11/new
FN:174,_ZnwmPv
FNDA:64,_ZnwmPv
DA:174,64
DA:175,64
end_of_record
SF:/usr/include/c++/11/bits/stl_algobase.h
FN:230,_ZSt3minImERKT_S2_S2_
FNDA:24,_ZSt3minImERKT_S2_S2_
FN:254,_ZSt3maxImERKT_S2_S2_
FNDA:12,_ZSt3maxImERKT_S2_S2_
FN:313,_ZSt12__niter_baseIPPiET_S2_
FNDA:0,_ZSt12__niter_baseIPPiET_S2_
FN:313,_ZSt12__niter_baseIPiET_S1_
FNDA:48,_ZSt12__niter_baseIPiET_S1_
FN:313,_ZSt12__niter_baseIPNSt7__cxx114listIiSaIiEEEET_S5_
FNDA:6,_ZSt12__niter_baseIPNSt7__cxx114listIiSaIiEEEET_S5_
FN:335,_ZSt12__niter_wrapIPPiET_RKS2_S2_
FNDA:0,_ZSt12__niter_wrapIPPiET_RKS2_S2_
FN:420,_ZNSt11__copy_moveILb0ELb1ESt26random_access_iterator_tagE8__copy_mIPiEEPT_PKS4_S7_S5_
FNDA:0,_ZNSt11__copy_moveILb0ELb1ESt26random_access_iterator_tagE8__copy_mIPiEEPT_PKS4_S7_S5_
FN:486,_ZSt14__copy_move_a2ILb0EPPiS1_ET1_T0_S3_S2_
FNDA:0,_ZSt14__copy_move_a2ILb0EPPiS1_ET1_T0_S3_S2_
FN:521,_ZSt14__copy_move_a1ILb0EPPiS1_ET1_T0_S3_S2_
FNDA:0,_ZSt14__copy_move_a1ILb0EPPiS1_ET1_T0_S3_S2_
FN:527,_ZSt13__copy_move_aILb0EPPiS1_ET1_T0_S3_S2_
FNDA:0,_ZSt13__copy_move_aILb0EPPiS1_ET1_T0_S3_S2_
FN:611,_ZSt4copyIPPiS1_ET0_T_S3_S2_
FNDA:0,_ZSt4copyIPPiS1_ET0_T_S3_S2_
FN:731,_ZNSt20__copy_move_backwardILb0ELb1ESt26random_access_iterator_tagE13__copy_move_bIPiEEPT_PKS4_S7_S5_
FNDA:0,_ZNSt20__copy_move_backwardILb0ELb1ESt26random_access_iterator_tagE13__copy_move_bIPiEEPT_PKS4_S7_S5_
FN:750,_ZSt23__copy_move_backward_a2ILb0EPPiS1_ET1_T0_S3_S2_
FNDA:0,_ZSt23__copy_move_backward_a2ILb0EPPiS1_ET1_T0_S3_S2_
FN:768,_ZSt23__copy_move_backward_a1ILb0EPPiS1_ET1_T0_S3_S2_
FNDA:0,_ZSt23__copy_move_backward_a1ILb0EPPiS1_ET1_T0_S3_S2_
FN:796,_ZSt22__copy_move_backward_aILb0EPPiS1_ET1_T0_S3_S2_
FNDA:0,_ZSt22__copy_move_backward_aILb0EPPiS1_ET1_T0_S3_S2_
FN:848,_ZSt13copy_backwardIPPiS1_ET0_T_S3_S2_
FNDA:0,_ZSt13copy_backwardIPPiS1_ET0_T_S3_S2_
DA:230,24
DA:235,24
DA:236,0
DA:237,24
DA:254,12
DA:259,12
DA:260,4
DA:261,8
DA:313,0
DA:315,0
DA:313,48
DA:315,48
DA:313,6
DA:315,6
DA:335,0
DA:336,0
DA:420,0
DA:429,0
DA:430,0
DA:431,0
DA:432,0
DA:486,0
DA:495,0
DA:521,0
DA:522,0
DA:527,0
DA:529,0
DA:532,0
DA:611,0
DA:620,0
DA:731,0
DA:740,0
DA:741,0
DA:742,0
DA:743,0
DA:750,0
DA:760,0
DA:762,0
DA:768,0
DA:769,0
DA:796,0
DA:798,0
DA:801,0
DA:848,0
DA:859,0
end_of_record
SF:/usr/include/c++/11/bits/move.h
FN:49,_ZSt11__addressofISaISt10_List_nodeIiEEEPT_RS3_
FNDA:24,_ZSt11__addressofISaISt10_List_nodeIiEEEPT_RS3_
FN:49,_ZSt11__addressofINSt7__cxx114listIiSaIiEEEEPT_RS4_
FNDA:48,_ZSt11__addressofINSt7__cxx114listIiSaIiEEEEPT_RS4_
FN:49,_ZSt11__addressofImEPT_RS0_
FNDA:6,_ZSt11__addressofImEPT_RS0_
FN:77,_ZSt7forwardINSt7__cxx114listIiSaIiEEEEOT_RNSt16remove_referenceIS4_E4typeE
FNDA:0,_ZSt7forwardINSt7__cxx114listIiSaIiEEEEOT_RNSt16remove_referenceIS4_E4typeE
FN:77,_ZSt7forwardIRKiEOT_RNSt16remove_referenceIS2_E4typeE
FNDA:160,_ZSt7forwardIRKiEOT_RNSt16remove_referenceIS2_E4typeE
FN:104,_ZSt4moveIRSaISt10_List_nodeIiEEEONSt16remove_referenceIT_E4typeEOS5_
FNDA:48,_ZSt4moveIRSaISt10_List_nodeIiEEEONSt16remove_referenceIT_E4typeEOS5_
FN:104,_ZSt4moveIRNSt7__cxx114listIiSaIiEEEEONSt16remove_referenceIT_E4typeEOS6_
FNDA:24,_ZSt4moveIRNSt7__cxx114listIiSaIiEEEEONSt16remove_referenceIT_E4typeEOS6_
DA:49,24
DA:50,24
DA:49,48
DA:50,48
DA:49,6
DA:50,6
DA:77,0
DA:78,0
DA:77,160
DA:78,160
DA:104,48
DA:105,48
DA:104,24
DA:105,24
end_of_record
SF:/usr/include/c++/11/ext/new_allocator.h
FN:79,_ZN9__gnu_cxx13new_allocatorIbEC2Ev
FNDA:2,_ZN9__gnu_cxx13new_allocatorIbEC2Ev
FN:79,_ZN9__gnu_cxx13new_allocatorIPiEC2Ev
FNDA:4,_ZN9__gnu_cxx13new_allocatorIPiEC2Ev
FN:79,_ZN9__gnu_cxx13new_allocatorINSt7__cxx114listIiSaIiEEEEC2Ev
FNDA:2,_ZN9__gnu_cxx13new_allocatorINSt7__cxx114listIiSaIiEEEEC2Ev
FN:79,_ZN9__gnu_cxx13new_allocatorIiEC2Ev
FNDA:28,_ZN9__gnu_cxx13new_allocatorIiEC2Ev
FN:79,_ZN9__gnu_cxx13new_allocatorISt10_List_nodeIiEEC2Ev
FNDA:36,_ZN9__gnu_cxx13new_allocatorISt10_List_nodeIiEEC2Ev
FN:79,_ZN9__gnu_cxx13new_allocatorImEC2Ev
FNDA:2,_ZN9__gnu_cxx13new_allocatorImEC2Ev
FN:82,_ZN9__gnu_cxx13new_allocatorISt10_List_nodeIiEEC2ERKS3_
FNDA:24,_ZN9__gnu_cxx13new_allocatorISt10_List_nodeIiEEC2ERKS3_
FN:82,_ZN9__gnu_cxx13new_allocatorImEC2ERKS1_
FNDA:2,_ZN9__gnu_cxx13new_allocatorImEC2ERKS1_
FN:89,_ZN9__gnu_cxx13new_allocatorINSt7__cxx114listIiSaIiEEEED2Ev
FNDA:2,_ZN9__gnu_cxx13new_allocatorINSt7__cxx114listIiSaIiEEEED2Ev
FN:89,_ZN9__gnu_cxx13new_allocatorIbED2Ev
FNDA:2,_ZN9__gnu_cxx13new_allocatorIbED2Ev
FN:89,_ZN9__gnu_cxx13new_allocatorIiED2Ev
FNDA:28,_ZN9__gnu_cxx13new_allocatorIiED2Ev
FN:89,_ZN9__gnu_cxx13new_allocatorISt10_List_nodeIiEED2Ev
FNDA:60,_ZN9__gnu_cxx13new_allocatorISt10_List_nodeIiEED2Ev
FN:89,_ZN9__gnu_cxx13new_allocatorImED2Ev
FNDA:4,_ZN9__gnu_cxx13new_allocatorImED2Ev
FN:89,_ZN9__gnu_cxx13new_allocatorIPiED2Ev
FNDA:4,_ZN9__gnu_cxx13new_allocatorIPiED2Ev
FN:103,_ZN9__gnu_cxx13new_allocatorImE8allocateEmPKv
FNDA:2,_ZN9__gnu_cxx13new_allocatorImE8allocateEmPKv
FN:103,_ZN9__gnu_cxx13new_allocatorIPiE8allocateEmPKv
FNDA:2,_ZN9__gnu_cxx13new_allocatorIPiE8allocateEmPKv
FN:103,_ZN9__gnu_cxx13new_allocatorISt10_List_nodeIiEE8allocateEmPKv
FNDA:24,_ZN9__gnu_cxx13new_allocatorISt10_List_nodeIiEE8allocateEmPKv
FN:103,_ZN9__gnu_cxx13new_allocatorIiE8allocateEmPKv
FNDA:10,_ZN9__gnu_cxx13new_allocatorIiE8allocateEmPKv
FN:103,_ZN9__gnu_cxx13new_allocatorINSt7__cxx114listIiSaIiEEEE8allocateEmPKv
FNDA:2,_ZN9__gnu_cxx13new_allocatorINSt7__cxx114listIiSaIiEEEE8allocateEmPKv
FN:132,_ZN9__gnu_cxx13new_allocatorIiE10deallocateEPim
FNDA:10,_ZN9__gnu_cxx13new_allocatorIiE10deallocateEPim
FN:132,_ZN9__gnu_cxx13new_allocatorImE10deallocateEPmm
FNDA:2,_ZN9__gnu_cxx13new_allocatorImE10deallocateEPmm
FN:132,_ZN9__gnu_cxx13new_allocatorIPiE10deallocateEPS1_m
FNDA:2,_ZN9__gnu_cxx13new_allocatorIPiE10deallocateEPS1_m
FN:132,_ZN9__gnu_cxx13new_allocatorISt10_List_nodeIiEE10deallocateEPS2_m
FNDA:24,_ZN9__gnu_cxx13new_allocatorISt10_List_nodeIiEE10deallocateEPS2_m
FN:132,_ZN9__gnu_cxx13new_allocatorINSt7__cxx114listIiSaIiEEEE10deallocateEPS4_m
FNDA:2,_ZN9__gnu_cxx13new_allocatorINSt7__cxx114listIiSaIiEEEE10deallocateEPS4_m
FN:154,_ZNK9__gnu_cxx13new_allocatorIiE8max_sizeEv
FNDA:16,_ZNK9__gnu_cxx13new_allocatorIiE8max_sizeEv
FN:154,_ZNK9__gnu_cxx13new_allocatorINSt7__cxx114listIiSaIiEEEE8max_sizeEv
FNDA:8,_ZNK9__gnu_cxx13new_allocatorINSt7__cxx114listIiSaIiEEEE8max_sizeEv
FN:160,_ZN9__gnu_cxx13new_allocatorISt10_List_nodeIiEE9constructIiJRKiEEEvPT_DpOT0_
FNDA:24,_ZN9__gnu_cxx13new_allocatorISt10_List_nodeIiEE9constructIiJRKiEEEvPT_DpOT0_
FN:160,_ZN9__gnu_cxx13new_allocatorINSt7__cxx114listIiSaIiEEEE9constructIS4_JS4_EEEvPT_DpOT0_
FNDA:0,_ZN9__gnu_cxx13new_allocatorINSt7__cxx114listIiSaIiEEEE9constructIS4_JS4_EEEvPT_DpOT0_
FN:160,_ZN9__gnu_cxx13new_allocatorIiE9constructIiJRKiEEEvPT_DpOT0_
FNDA:28,_ZN9__gnu_cxx13new_allocatorIiE9constructIiJRKiEEEvPT_DpOT0_
FN:166,_ZN9__gnu_cxx13new_allocatorINSt7__cxx114listIiSaIiEEEE7destroyIS4_EEvPT_
FNDA:0,_ZN9__gnu_cxx13new_allocatorINSt7__cxx114listIiSaIiEEEE7destroyIS4_EEvPT_
FN:166,_ZN9__gnu_cxx13new_allocatorISt10_List_nodeIiEE7destroyIiEEvPT_
FNDA:24,_ZN9__gnu_cxx13new_allocatorISt10_List_nodeIiEE7destroyIiEEvPT_
FN:166,_ZN9__gnu_cxx13new_allocatorIiE7destroyIiEEvPT_
FNDA:14,_ZN9__gnu_cxx13new_allocatorIiE7destroyIiEEvPT_
FN:197,_ZNK9__gnu_cxx13new_allocatorImE11_M_max_sizeEv
FNDA:2,_ZNK9__gnu_cxx13new_allocatorImE11_M_max_sizeEv
FN:197,_ZNK9__gnu_cxx13new_allocatorIPiE11_M_max_sizeEv
FNDA:2,_ZNK9__gnu_cxx13new_allocatorIPiE11_M_max_sizeEv
FN:197,_ZNK9__gnu_cxx13new_allocatorISt10_List_nodeIiEE11_M_max_sizeEv
FNDA:24,_ZNK9__gnu_cxx13new_allocatorISt10_List_nodeIiEE11_M_max_sizeEv
FN:197,_ZNK9__gnu_cxx13new_allocatorINSt7__cxx114listIiSaIiEEEE11_M_max_sizeEv
FNDA:10,_ZNK9__gnu_cxx13new_allocatorINSt7__cxx114listIiSaIiEEEE11_M_max_sizeEv
FN:197,_ZNK9__gnu_cxx13new_allocatorIiE11_M_max_sizeEv
FNDA:26,_ZNK9__gnu_cxx13new_allocatorIiE11_M_max_sizeEv
DA:79,4
DA:79,2
DA:79,36
DA:79,28
DA:79,2
DA:79,2
DA:82,24
DA:82,2
DA:89,4
DA:89,4
DA:89,60
DA:89,28
DA:89,2
DA:89,2
DA:103,2
DA:111,2
DA:115,0
DA:116,0
DA:117,0
DA:127,2
DA:103,24
DA:111,24
DA:115,0
DA:116,0
DA:117,0
DA:127,24
DA:103,10
DA:111,10
DA:115,0
DA:116,0
DA:117,0
DA:127,10
DA:103,2
DA:111,2
DA:115,0
DA:116,0
DA:117,0
DA:127,2
DA:103,2
DA:111,2
DA:115,0
DA:116,0
DA:117,0
DA:127,2
DA:132,24
DA:145,24
DA:132,2
DA:145,2
DA:132,2
DA:145,2
DA:132,10
DA:145,10
DA:132,2
DA:145,2
DA:154,16
DA:155,16
DA:154,8
DA:155,8
DA:160,0
DA:162,0
DA:160,24
DA:162,24
DA:160,28
DA:162,28
DA:166,0
DA:168,0
DA:166,24
DA:168,24
DA:166,14
DA:168,14
DA:197,2
DA:200,2
DA:197,24
DA:200,24
DA:197,26
DA:200,26
DA:197,2
DA:200,2
DA:197,10
DA:200,10
end_of_record
SF:/usr/include/c++/11/bits/stl_list.h
FN:110,_ZNSt8__detail17_List_node_headerC2Ev
FNDA:36,_ZNSt8__detail17_List_node_headerC2Ev
FN:114,_ZNSt8__detail17_List_node_headerC2EOS0_
FNDA:0,_ZNSt8__detail17_List_node_headerC2EOS0_
FN:150,_ZNSt8__detail17_List_node_header7_M_initEv
FNDA:36,_ZNSt8__detail17_List_node_header7_M_initEv
FN:159,_ZNSt8__detail17_List_node_header7_M_baseEv
FNDA:0,_ZNSt8__detail17_List_node_header7_M_baseEv
FN:171,_ZNSt10_List_nodeIiE9_M_valptrEv
FNDA:120,_ZNSt10_List_nodeIiE9_M_valptrEv
FN:201,_ZNSt14_List_iteratorIiEC2EPNSt8__detail15_List_node_baseE
FNDA:204,_ZNSt14_List_iteratorIiEC2EPNSt8__detail15_List_node_baseE
FN:210,_ZNKSt14_List_iteratorIiEdeEv
FNDA:72,_ZNKSt14_List_iteratorIiEdeEv
FN:218,_ZNSt14_List_iteratorIiEppEv
FNDA:84,_ZNSt14_List_iteratorIiEppEv
FN:253,_ZStneRKSt14_List_iteratorIiES2_
FNDA:96,_ZStneRKSt14_List_iteratorIiES2_
FN:287,_ZNSt20_List_const_iteratorIiEC2ERKSt14_List_iteratorIiE
FNDA:72,_ZNSt20_List_const_iteratorIiEC2ERKSt14_List_iteratorIiE
FN:291,_ZNKSt20_List_const_iteratorIiE13_M_const_castEv
FNDA:72,_ZNKSt20_List_const_iteratorIiE13_M_const_castEv
FN:334,_ZSteqRKSt20_List_const_iteratorIiES2_
FNDA:48,_ZSteqRKSt20_List_const_iteratorIiES2_
FN:380,_ZNSt7__cxx1110_List_baseIiSaIiEE10_List_implC2Ev
FNDA:12,_ZNSt7__cxx1110_List_baseIiSaIiEE10_List_implC2Ev
FN:390,_ZNSt7__cxx1110_List_baseIiSaIiEE10_List_implC2EOS3_
FNDA:0,_ZNSt7__cxx1110_List_baseIiSaIiEE10_List_implC2EOS3_
FN:396,_ZNSt7__cxx1110_List_baseIiSaIiEE10_List_implC2EOSaISt10_List_nodeIiEE
FNDA:24,_ZNSt7__cxx1110_List_baseIiSaIiEE10_List_implC2EOSaISt10_List_nodeIiEE
FN:405,_ZNKSt7__cxx1110_List_baseIiSaIiEE11_M_get_sizeEv
FNDA:12,_ZNKSt7__cxx1110_List_baseIiSaIiEE11_M_get_sizeEv
FN:409,_ZNSt7__cxx1110_List_baseIiSaIiEE11_M_inc_sizeEm
FNDA:48,_ZNSt7__cxx1110_List_baseIiSaIiEE11_M_inc_sizeEm
FN:411,_ZNSt7__cxx1110_List_baseIiSaIiEE11_M_dec_sizeEm
FNDA:24,_ZNSt7__cxx1110_List_baseIiSaIiEE11_M_dec_sizeEm
FN:442,_ZNSt7__cxx1110_List_baseIiSaIiEE11_M_get_nodeEv
FNDA:24,_ZNSt7__cxx1110_List_baseIiSaIiEE11_M_get_nodeEv
FN:446,_ZNSt7__cxx1110_List_baseIiSaIiEE11_M_put_nodeEPSt10_List_nodeIiE
FNDA:24,_ZNSt7__cxx1110_List_baseIiSaIiEE11_M_put_nodeEPSt10_List_nodeIiE
FN:453,_ZNSt7__cxx1110_List_baseIiSaIiEE21_M_get_Node_allocatorEv
FNDA:96,_ZNSt7__cxx1110_List_baseIiSaIiEE21_M_get_Node_allocatorEv
FN:457,_ZNKSt7__cxx1110_List_baseIiSaIiEE21_M_get_Node_allocatorEv
FNDA:24,_ZNKSt7__cxx1110_List_baseIiSaIiEE21_M_get_Node_allocatorEv
FN:461,_ZNSt7__cxx1110_List_baseIiSaIiEEC2Ev
FNDA:12,_ZNSt7__cxx1110_List_baseIiSaIiEEC2Ev
FN:471,_ZNSt7__cxx1110_List_baseIiSaIiEEC2EOS2_
FNDA:0,_ZNSt7__cxx1110_List_baseIiSaIiEEC2EOS2_
FN:489,_ZNSt7__cxx1110_List_baseIiSaIiEEC2EOSaISt10_List_nodeIiEE
FNDA:24,_ZNSt7__cxx1110_List_baseIiSaIiEEC2EOSaISt10_List_nodeIiEE
FN:499,_ZNSt7__cxx1110_List_baseIiSaIiEED2Ev
FNDA:36,_ZNSt7__cxx1110_List_baseIiSaIiEED2Ev
FN:633,_ZNSt7__cxx114listIiSaIiEE14_M_create_nodeIJRKiEEEPSt10_List_nodeIiEDpOT_
FNDA:24,_ZNSt7__cxx114listIiSaIiEE14_M_create_nodeIJRKiEEEPSt10_List_nodeIiEDpOT_
FN:652,_ZNKSt7__cxx114listIiSaIiEE13_M_node_countEv
FNDA:12,_ZNKSt7__cxx114listIiSaIiEE13_M_node_countEv
FN:674,_ZNSt7__cxx114listIiSaIiEEC2Ev
FNDA:12,_ZNSt7__cxx114listIiSaIiEEC2Ev
FN:684,_ZNSt7__cxx114listIiSaIiEEC2ERKS1_
FNDA:24,_ZNSt7__cxx114listIiSaIiEEC2ERKS1_
FN:749,_ZNSt7__cxx114listIiSaIiEEC2EOS2_
FNDA:0,_ZNSt7__cxx114listIiSaIiEEC2EOS2_
FN:828,_ZNSt7__cxx114listIiSaIiEED2Ev
FNDA:36,_ZNSt7__cxx114listIiSaIiEED2Ev
FN:937,_ZNKSt7__cxx114listIiSaIiEE13get_allocatorEv
FNDA:24,_ZNKSt7__cxx114listIiSaIiEE13get_allocatorEv
FN:946,_ZNSt7__cxx114listIiSaIiEE5beginEv
FNDA:72,_ZNSt7__cxx114listIiSaIiEE5beginEv
FN:964,_ZNSt7__cxx114listIiSaIiEE3endEv
FNDA:60,_ZNSt7__cxx114listIiSaIiEE3endEv
FN:1056,_ZNKSt7__cxx114listIiSaIiEE5emptyEv
FNDA:30,_ZNKSt7__cxx114listIiSaIiEE5emptyEv
FN:1061,_ZNKSt7__cxx114listIiSaIiEE4sizeEv
FNDA:12,_ZNKSt7__cxx114listIiSaIiEE4sizeEv
FN:1115,_ZNSt7__cxx114listIiSaIiEE5frontEv
FNDA:12,_ZNSt7__cxx114listIiSaIiEE5frontEv
FN:1212,_ZNSt7__cxx114listIiSaIiEE9push_backERKi
FNDA:24,_ZNSt7__cxx114listIiSaIiEE9push_backERKi
FN:1554,_ZNSt7__cxx114listIiSaIiEE6spliceESt20_List_const_iteratorIiEOS2_S4_
FNDA:24,_ZNSt7__cxx114listIiSaIiEE6spliceESt20_List_const_iteratorIiEOS2_S4_
FN:1596,_ZNSt7__cxx114listIiSaIiEE6spliceESt20_List_const_iteratorIiERS2_S4_
FNDA:24,_ZNSt7__cxx114listIiSaIiEE6spliceESt20_List_const_iteratorIiERS2_S4_
FN:1895,_ZNSt7__cxx114listIiSaIiEE11_M_transferESt14_List_iteratorIiES4_S4_
FNDA:24,_ZNSt7__cxx114listIiSaIiEE11_M_transferESt14_List_iteratorIiES4_S4_
FN:1910,_ZNSt7__cxx114listIiSaIiEE9_M_insertIJRKiEEEvSt14_List_iteratorIiEDpOT_
FNDA:24,_ZNSt7__cxx114listIiSaIiEE9_M_insertIJRKiEEEvSt14_List_iteratorIiEDpOT_
FN:1936,_ZNSt7__cxx114listIiSaIiEE25_M_check_equal_allocatorsERS2_
FNDA:24,_ZNSt7__cxx114listIiSaIiEE25_M_check_equal_allocatorsERS2_
DA:110,36
DA:111,36
DA:114,0
DA:115,0
DA:117,0
DA:120,0
DA:121,0
DA:124,0
DA:125,0
DA:127,0
DA:150,36
DA:152,36
DA:154,36
DA:156,36
DA:159,0
DA:171,120
DA:201,204
DA:202,204
DA:210,72
DA:211,72
DA:218,84
DA:220,84
DA:221,84
DA:253,96
DA:254,96
DA:287,72
DA:288,72
DA:291,72
DA:292,72
DA:334,48
DA:335,48
DA:380,12
DA:382,12
DA:383,12
DA:390,0
DA:396,24
DA:397,24
DA:398,24
DA:405,12
DA:409,48
DA:411,24
DA:442,24
DA:443,24
DA:446,24
DA:447,24
DA:453,96
DA:454,96
DA:457,24
DA:458,24
DA:461,12
DA:471,0
DA:489,24
DA:490,24
DA:491,24
DA:499,36
DA:500,36
DA:633,24
DA:635,24
DA:636,24
DA:637,24
DA:638,24
DA:640,24
DA:641,24
DA:642,24
DA:652,12
DA:653,12
DA:674,12
DA:684,24
DA:685,24
DA:749,0
DA:828,36
DA:937,24
DA:938,24
DA:946,72
DA:947,72
DA:964,60
DA:965,60
DA:1056,30
DA:1057,30
DA:1061,12
DA:1062,12
DA:1115,12
DA:1116,12
DA:1212,24
DA:1213,24
DA:1554,24
DA:1569,24
DA:1570,24
DA:1571,24
DA:1572,0
DA:1574,24
DA:1575,24
DA:1577,24
DA:1580,24
DA:1581,24
DA:1596,24
DA:1597,24
DA:1895,24
DA:1896,24
DA:1910,24
DA:1912,24
DA:1913,24
DA:1914,24
DA:1915,24
DA:1936,24
DA:1938,24
DA:1939,24
DA:1940,0
DA:1941,24
end_of_record
SF:/usr/include/c++/11/bits/stl_construct.h
FN:109,_ZSt10_ConstructINSt7__cxx114listIiSaIiEEEJEEvPT_DpOT0_
FNDA:12,_ZSt10_ConstructINSt7__cxx114listIiSaIiEEEJEEvPT_DpOT0_
FN:146,_ZSt8_DestroyINSt7__cxx114listIiSaIiEEEEvPT_
FNDA:12,_ZSt8_DestroyINSt7__cxx114listIiSaIiEEEEvPT_
FN:160,_ZNSt12_Destroy_auxILb0EE9__destroyIPNSt7__cxx114listIiSaIiEEEEEvT_S7_
FNDA:2,_ZNSt12_Destroy_auxILb0EE9__destroyIPNSt7__cxx114listIiSaIiEEEEEvT_S7_
FN:172,_ZNSt12_Destroy_auxILb1EE9__destroyIPiEEvT_S3_
FNDA:2,_ZNSt12_Destroy_auxILb1EE9__destroyIPiEEvT_S3_
FN:182,_ZSt8_DestroyIPiEvT_S1_
FNDA:2,_ZSt8_DestroyIPiEvT_S1_
FN:182,_ZSt8_DestroyIPNSt7__cxx114listIiSaIiEEEEvT_S5_
FNDA:2,_ZSt8_DestroyIPNSt7__cxx114listIiSaIiEEEEvT_S5_
DA:109,12
DA:119,12
DA:120,12
DA:146,12
DA:151,12
DA:153,12
DA:160,2
DA:162,14
DA:163,12
DA:164,2
DA:172,2
DA:182,2
DA:196,2
DA:197,2
DA:182,2
DA:196,2
DA:197,2
end_of_record
SF:/usr/include/c++/11/bits/stl_bvector.h
FN:77,_ZNSt14_Bit_referenceC2EPmm
FNDA:48,_ZNSt14_Bit_referenceC2EPmm
FN:86,_ZNKSt14_Bit_referencecvbEv
FNDA:36,_ZNKSt14_Bit_referencecvbEv
FN:90,_ZNSt14_Bit_referenceaSEb
FNDA:12,_ZNSt14_Bit_referenceaSEb
FN:148,_ZNSt18_Bit_iterator_baseC2EPmj
FNDA:58,_ZNSt18_Bit_iterator_baseC2EPmj
FN:172,_ZNSt18_Bit_iterator_base7_M_incrEl
FNDA:50,_ZNSt18_Bit_iterator_base7_M_incrEl
FN:241,_ZNSt13_Bit_iteratorC2Ev
FNDA:8,_ZNSt13_Bit_iteratorC2Ev
FN:243,_ZNSt13_Bit_iteratorC2EPmj
FNDA:50,_ZNSt13_Bit_iteratorC2EPmj
FN:251,_ZNKSt13_Bit_iteratordeEv
FNDA:48,_ZNKSt13_Bit_iteratordeEv
FN:285,_ZNSt13_Bit_iteratorpLEl
FNDA:50,_ZNSt13_Bit_iteratorpLEl
FN:299,_ZNKSt13_Bit_iteratorixEl
FNDA:48,_ZNKSt13_Bit_iteratorixEl
FN:303,_ZStplRKSt13_Bit_iteratorl
FNDA:50,_ZStplRKSt13_Bit_iteratorl
FN:443,_ZNSt13_Bvector_baseISaIbEE18_Bvector_impl_dataC2Ev
FNDA:4,_ZNSt13_Bvector_baseISaIbEE18_Bvector_impl_dataC2Ev
FN:465,_ZNSt13_Bvector_baseISaIbEE18_Bvector_impl_data8_M_resetEv
FNDA:2,_ZNSt13_Bvector_baseISaIbEE18_Bvector_impl_data8_M_resetEv
FN:485,_ZNSt13_Bvector_baseISaIbEE13_Bvector_implC2ERKSaImE
FNDA:2,_ZNSt13_Bvector_baseISaIbEE13_Bvector_implC2ERKSaImE
FN:502,_ZNKSt13_Bvector_baseISaIbEE13_Bvector_impl11_M_end_addrEv
FNDA:4,_ZNKSt13_Bvector_baseISaIbEE13_Bvector_impl11_M_end_addrEv
FN:531,_ZNSt13_Bvector_baseISaIbEEC2ERKS0_
FNDA:2,_ZNSt13_Bvector_baseISaIbEEC2ERKS0_
FN:542,_ZNSt13_Bvector_baseISaIbEED2Ev
FNDA:2,_ZNSt13_Bvector_baseISaIbEED2Ev
FN:549,_ZNSt13_Bvector_baseISaIbEE11_M_allocateEm
FNDA:2,_ZNSt13_Bvector_baseISaIbEE11_M_allocateEm
FN:553,_ZNSt13_Bvector_baseISaIbEE13_M_deallocateEv
FNDA:2,_ZNSt13_Bvector_baseISaIbEE13_M_deallocateEv
FN:572,_ZNSt13_Bvector_baseISaIbEE8_S_nwordEm
FNDA:4,_ZNSt13_Bvector_baseISaIbEE8_S_nwordEm
FN:647,_ZNSt6vectorIbSaIbEEC2EmRKbRKS0_
FNDA:2,_ZNSt6vectorIbSaIbEEC2EmRKbRKS0_
FN:733,_ZNSt6vectorIbSaIbEED2Ev
FNDA:2,_ZNSt6vectorIbSaIbEED2Ev
FN:831,_ZNSt6vectorIbSaIbEE5beginEv
FNDA:48,_ZNSt6vectorIbSaIbEE5beginEv
FN:906,_ZNSt6vectorIbSaIbEEixEm
FNDA:48,_ZNSt6vectorIbSaIbEEixEm
FN:1137,_ZNSt6vectorIbSaIbEE13_M_initializeEm
FNDA:2,_ZNSt6vectorIbSaIbEE13_M_initializeEm
FN:1150,_ZNSt6vectorIbSaIbEE19_M_initialize_valueEb
FNDA:2,_ZNSt6vectorIbSaIbEE19_M_initialize_valueEb
DA:77,48
DA:78,48
DA:86,36
DA:87,36
DA:90,12
DA:92,12
DA:93,12
DA:95,0
DA:96,12
DA:148,58
DA:149,58
DA:172,50
DA:174,50
DA:175,50
DA:176,50
DA:177,50
DA:179,0
DA:180,0
DA:182,50
DA:183,50
DA:241,8
DA:243,50
DA:244,50
DA:251,48
DA:252,48
DA:285,50
DA:287,50
DA:288,50
DA:299,48
DA:300,48
DA:303,50
DA:305,50
DA:306,50
DA:307,50
DA:443,4
DA:444,4
DA:445,4
DA:465,2
DA:466,2
DA:485,2
DA:486,2
DA:487,2
DA:502,4
DA:504,4
DA:505,4
DA:506,0
DA:531,2
DA:532,2
DA:542,2
DA:543,2
DA:549,2
DA:550,2
DA:553,2
DA:555,2
DA:557,2
DA:558,2
DA:559,2
DA:561,2
DA:563,2
DA:572,4
DA:573,4
DA:647,2
DA:654,2
DA:656,2
DA:657,2
DA:658,2
DA:733,2
DA:831,48
DA:832,48
DA:906,48
DA:907,48
DA:1137,2
DA:1139,2
DA:1141,2
DA:1142,2
DA:1143,2
DA:1144,2
DA:1145,2
DA:1147,2
DA:1150,2
DA:1152,2
DA:1153,2
DA:1154,2
DA:1156,2
end_of_record
SF:/usr/include/c++/11/bits/stl_uninitialized.h
FN:573,_ZNSt27__uninitialized_default_n_1ILb0EE18__uninit_default_nIPNSt7__cxx114listIiSaIiEEEmEET_S7_T0_
FNDA:2,_ZNSt27__uninitialized_default_n_1ILb0EE18__uninit_default_nIPNSt7__cxx114listIiSaIiEEEmEET_S7_T0_
FN:630,_ZSt25__uninitialized_default_nIPNSt7__cxx114listIiSaIiEEEmET_S5_T0_
FNDA:2,_ZSt25__uninitialized_default_nIPNSt7__cxx114listIiSaIiEEEmET_S5_T0_
FN:702,_ZSt27__uninitialized_default_n_aIPNSt7__cxx114listIiSaIiEEEmS3_ET_S5_T0_RSaIT1_E
FNDA:2,_ZSt27__uninitialized_default_n_aIPNSt7__cxx114listIiSaIiEEEmS3_ET_S5_T0_RSaIT1_E
FN:986,_ZSt19__relocate_object_aINSt7__cxx114listIiSaIiEEES3_SaIS3_EEvPT_PT0_RT1_
FNDA:0,_ZSt19__relocate_object_aINSt7__cxx114listIiSaIiEEES3_SaIS3_EEvPT_PT0_RT1_
FN:1006,_ZSt14__relocate_a_1IiiENSt9enable_ifIXsrSt24__is_bitwise_relocatableIT_vE5valueEPS2_E4typeES4_S4_S4_RSaIT0_E
FNDA:16,_ZSt14__relocate_a_1IiiENSt9enable_ifIXsrSt24__is_bitwise_relocatableIT_vE5valueEPS2_E4typeES4_S4_S4_RSaIT0_E
FN:1018,_ZSt14__relocate_a_1IPNSt7__cxx114listIiSaIiEEES4_SaIS3_EET0_T_S7_S6_RT1_
FNDA:2,_ZSt14__relocate_a_1IPNSt7__cxx114listIiSaIiEEES4_SaIS3_EET0_T_S7_S6_RT1_
FN:1040,_ZSt12__relocate_aIPiS0_SaIiEET0_T_S3_S2_RT1_
FNDA:16,_ZSt12__relocate_aIPiS0_SaIiEET0_T_S3_S2_RT1_
FN:1040,_ZSt12__relocate_aIPNSt7__cxx114listIiSaIiEEES4_SaIS3_EET0_T_S7_S6_RT1_
FNDA:2,_ZSt12__relocate_aIPNSt7__cxx114listIiSaIiEEES4_SaIS3_EET0_T_S7_S6_RT1_
DA:573,2
DA:575,2
DA:578,14
DA:579,12
DA:580,2
DA:630,2
DA:635,2
DA:640,2
DA:702,2
DA:704,2
DA:986,0
DA:994,0
DA:995,0
DA:996,0
DA:1006,16
DA:1009,16
DA:1010,16
DA:1011,6
DA:1012,16
DA:1018,2
DA:1030,2
DA:1031,2
DA:1032,0
DA:1034,2
DA:1040,16
DA:1046,16
DA:1048,16
DA:1040,2
DA:1046,2
DA:1048,2
end_of_record
SF:/usr/include/c++/11/bits/stl_vector.h
FN:97,_ZNSt12_Vector_baseINSt7__cxx114listIiSaIiEEESaIS3_EE17_Vector_impl_dataC2Ev
FNDA:2,_ZNSt12_Vector_baseINSt7__cxx114listIiSaIiEEESaIS3_EE17_Vector_impl_dataC2Ev
FN:97,_ZNSt12_Vector_baseIiSaIiEE17_Vector_impl_dataC2Ev
FNDA:2,_ZNSt12_Vector_baseIiSaIiEE17_Vector_impl_dataC2Ev
FN:131,_ZNSt12_Vector_baseINSt7__cxx114listIiSaIiEEESaIS3_EE12_Vector_implC2Ev
FNDA:2,_ZNSt12_Vector_baseINSt7__cxx114listIiSaIiEEESaIS3_EE12_Vector_implC2Ev
FN:131,_ZNSt12_Vector_baseIiSaIiEE12_Vector_implC2Ev
FNDA:2,_ZNSt12_Vector_baseIiSaIiEE12_Vector_implC2Ev
FN:276,_ZNSt12_Vector_baseINSt7__cxx114listIiSaIiEEESaIS3_EE19_M_get_Tp_allocatorEv
FNDA:6,_ZNSt12_Vector_baseINSt7__cxx114listIiSaIiEEESaIS3_EE19_M_get_Tp_allocatorEv
FN:276,_ZNSt12_Vector_baseIiSaIiEE19_M_get_Tp_allocatorEv
FNDA:18,_ZNSt12_Vector_baseIiSaIiEE19_M_get_Tp_allocatorEv
FN:280,_ZNKSt12_Vector_baseIiSaIiEE19_M_get_Tp_allocatorEv
FNDA:16,_ZNKSt12_Vector_baseIiSaIiEE19_M_get_Tp_allocatorEv
FN:280,_ZNKSt12_Vector_baseINSt7__cxx114listIiSaIiEEESaIS3_EE19_M_get_Tp_allocatorEv
FNDA:8,_ZNKSt12_Vector_baseINSt7__cxx114listIiSaIiEEESaIS3_EE19_M_get_Tp_allocatorEv
FN:288,_ZNSt12_Vector_baseIiSaIiEEC2Ev
FNDA:2,_ZNSt12_Vector_baseIiSaIiEEC2Ev
FN:288,_ZNSt12_Vector_baseINSt7__cxx114listIiSaIiEEESaIS3_EEC2Ev
FNDA:2,_ZNSt12_Vector_baseINSt7__cxx114listIiSaIiEEESaIS3_EEC2Ev
FN:333,_ZNSt12_Vector_baseINSt7__cxx114listIiSaIiEEESaIS3_EED2Ev
FNDA:2,_ZNSt12_Vector_baseINSt7__cxx114listIiSaIiEEESaIS3_EED2Ev
FN:333,_ZNSt12_Vector_baseIiSaIiEED2Ev
FNDA:2,_ZNSt12_Vector_baseIiSaIiEED2Ev
FN:343,_ZNSt12_Vector_baseIiSaIiEE11_M_allocateEm
FNDA:8,_ZNSt12_Vector_baseIiSaIiEE11_M_allocateEm
FN:343,_ZNSt12_Vector_baseINSt7__cxx114listIiSaIiEEESaIS3_EE11_M_allocateEm
FNDA:2,_ZNSt12_Vector_baseINSt7__cxx114listIiSaIiEEESaIS3_EE11_M_allocateEm
FN:350,_ZNSt12_Vector_baseIiSaIiEE13_M_deallocateEPim
FNDA:10,_ZNSt12_Vector_baseIiSaIiEE13_M_deallocateEPim
FN:350,_ZNSt12_Vector_baseINSt7__cxx114listIiSaIiEEESaIS3_EE13_M_deallocateEPS3_m
FNDA:4,_ZNSt12_Vector_baseINSt7__cxx114listIiSaIiEEESaIS3_EE13_M_deallocateEPS3_m
FN:453,_ZNSt6vectorINSt7__cxx114listIiSaIiEEESaIS3_EE14_S_do_relocateEPS3_S6_S6_RS4_St17integral_constantIbLb1EE
FNDA:2,_ZNSt6vectorINSt7__cxx114listIiSaIiEEESaIS3_EE14_S_do_relocateEPS3_S6_S6_RS4_St17integral_constantIbLb1EE
FN:453,_ZNSt6vectorIiSaIiEE14_S_do_relocateEPiS2_S2_RS0_St17integral_constantIbLb1EE
FNDA:16,_ZNSt6vectorIiSaIiEE14_S_do_relocateEPiS2_S2_RS0_St17integral_constantIbLb1EE
FN:465,_ZNSt6vectorIiSaIiEE11_S_relocateEPiS2_S2_RS0_
FNDA:16,_ZNSt6vectorIiSaIiEE11_S_relocateEPiS2_S2_RS0_
FN:465,_ZNSt6vectorINSt7__cxx114listIiSaIiEEESaIS3_EE11_S_relocateEPS3_S6_S6_RS4_
FNDA:2,_ZNSt6vectorINSt7__cxx114listIiSaIiEEESaIS3_EE11_S_relocateEPS3_S6_S6_RS4_
FN:487,_ZNSt6vectorINSt7__cxx114listIiSaIiEEESaIS3_EEC2Ev
FNDA:2,_ZNSt6vectorINSt7__cxx114listIiSaIiEEESaIS3_EEC2Ev
FN:487,_ZNSt6vectorIiSaIiEEC2Ev
FNDA:2,_ZNSt6vectorIiSaIiEEC2Ev
FN:678,_ZNSt6vectorINSt7__cxx114listIiSaIiEEESaIS3_EED2Ev
FNDA:2,_ZNSt6vectorINSt7__cxx114listIiSaIiEEESaIS3_EED2Ev
FN:678,_ZNSt6vectorIiSaIiEED2Ev
FNDA:2,_ZNSt6vectorIiSaIiEED2Ev
FN:811,_ZNSt6vectorIiSaIiEE5beginEv
FNDA:8,_ZNSt6vectorIiSaIiEE5beginEv
FN:829,_ZNSt6vectorIiSaIiEE3endEv
FNDA:8,_ZNSt6vectorIiSaIiEE3endEv
FN:918,_ZNKSt6vectorIiSaIiEE4sizeEv
FNDA:62,_ZNKSt6vectorIiSaIiEE4sizeEv
FN:918,_ZNKSt6vectorINSt7__cxx114listIiSaIiEEESaIS3_EE4sizeEv
FNDA:14,_ZNKSt6vectorINSt7__cxx114listIiSaIiEEESaIS3_EE4sizeEv
FN:923,_ZNKSt6vectorIiSaIiEE8max_sizeEv
FNDA:16,_ZNKSt6vectorIiSaIiEE8max_sizeEv
FN:923,_ZNKSt6vectorINSt7__cxx114listIiSaIiEEESaIS3_EE8max_sizeEv
FNDA:8,_ZNKSt6vectorINSt7__cxx114listIiSaIiEEESaIS3_EE8max_sizeEv
FN:937,_ZNSt6vectorINSt7__cxx114listIiSaIiEEESaIS3_EE6resizeEm
FNDA:2,_ZNSt6vectorINSt7__cxx114listIiSaIiEEESaIS3_EE6resizeEm
FN:1043,_ZNSt6vectorINSt7__cxx114listIiSaIiEEESaIS3_EEixEm
FNDA:114,_ZNSt6vectorINSt7__cxx114listIiSaIiEEESaIS3_EEixEm
FN:1043,_ZNSt6vectorIiSaIiEEixEm
FNDA:14,_ZNSt6vectorIiSaIiEEixEm
FN:1187,_ZNSt6vectorIiSaIiEE9push_backERKi
FNDA:14,_ZNSt6vectorIiSaIiEE9push_backERKi
FN:1756,_ZNKSt6vectorIiSaIiEE12_M_check_lenEmPKc
FNDA:8,_ZNKSt6vectorIiSaIiEE12_M_check_lenEmPKc
FN:1756,_ZNKSt6vectorINSt7__cxx114listIiSaIiEEESaIS3_EE12_M_check_lenEmPKc
FNDA:2,_ZNKSt6vectorINSt7__cxx114listIiSaIiEEESaIS3_EE12_M_check_lenEmPKc
FN:1776,_ZNSt6vectorIiSaIiEE11_S_max_sizeERKS0_
FNDA:16,_ZNSt6vectorIiSaIiEE11_S_max_sizeERKS0_
FN:1776,_ZNSt6vectorINSt7__cxx114listIiSaIiEEESaIS3_EE11_S_max_sizeERKS4_
FNDA:8,_ZNSt6vectorINSt7__cxx114listIiSaIiEEESaIS3_EE11_S_max_sizeERKS4_
FN:1792,_ZNSt6vectorINSt7__cxx114listIiSaIiEEESaIS3_EE15_M_erase_at_endEPS3_
FNDA:0,_ZNSt6vectorINSt7__cxx114listIiSaIiEEESaIS3_EE15_M_erase_at_endEPS3_
DA:97,2
DA:98,2
DA:99,2
DA:97,2
DA:98,2
DA:99,2
DA:131,2
DA:133,2
DA:134,2
DA:131,2
DA:133,2
DA:134,2
DA:276,18
DA:277,18
DA:276,6
DA:277,6
DA:280,16
DA:281,16
DA:280,8
DA:281,8
DA:288,2
DA:288,2
DA:333,2
DA:335,2
DA:336,2
DA:337,2
DA:333,2
DA:335,2
DA:336,2
DA:337,2
DA:343,8
DA:346,8
DA:343,2
DA:346,2
DA:350,10
DA:353,10
DA:354,8
DA:355,10
DA:350,4
DA:353,4
DA:354,2
DA:355,4
DA:453,16
DA:456,16
DA:453,2
DA:456,2
DA:465,16
DA:469,16
DA:465,2
DA:469,2
DA:487,2
DA:487,2
DA:678,2
DA:680,2
DA:681,2
DA:683,2
DA:678,2
DA:680,2
DA:681,2
DA:683,2
DA:811,8
DA:812,8
DA:829,8
DA:830,8
DA:918,14
DA:919,14
DA:918,62
DA:919,62
DA:923,16
DA:924,16
DA:923,8
DA:924,8
DA:937,2
DA:939,2
DA:940,2
DA:941,0
DA:942,0
DA:943,2
DA:1043,14
DA:1046,14
DA:1043,114
DA:1046,114
DA:1187,14
DA:1189,14
DA:1192,6
DA:1194,6
DA:1198,8
DA:1199,14
DA:1756,8
DA:1758,8
DA:1759,0
DA:1761,8
DA:1762,8
DA:1756,2
DA:1758,2
DA:1759,0
DA:1761,2
DA:1762,2
DA:1776,16
DA:1781,16
DA:1783,16
DA:1784,16
DA:1776,8
DA:1781,8
DA:1783,8
DA:1784,8
DA:1792,0
DA:1794,0
DA:1796,0
DA:1797,0
DA:1798,0
DA:1801,0
end_of_record
SF:/home/adi/Desktop/OS_EX4/Q1.cpp
FN:18,_ZN5GraphC2Ei
FNDA:2,_ZN5GraphC2Ei
FN:24,_ZN5Graph7addEdgeEii
FNDA:12,_ZN5Graph7addEdgeEii
FN:30,_ZN5Graph10removeEdgeEii
FNDA:12,_ZN5Graph10removeEdgeEii
FN:36,_ZN5Graph11isConnectedEv
FNDA:2,_ZN5Graph11isConnectedEv
FN:64,_ZN5Graph3dfsEiRSt6vectorIbSaIbEE
FNDA:12,_ZN5Graph3dfsEiRSt6vectorIbSaIbEE
FN:74,_ZN5Graph13hasEvenDegreeEv
FNDA:2,_ZN5Graph13hasEvenDegreeEv
FN:83,_ZN5Graph19findEulerianCircuitEv
FNDA:2,_ZN5Graph19findEulerianCircuitEv
FN:144,_ZN5Graph29generateRandomEvenDegreeGraphEij
FNDA:2,_ZN5Graph29generateRandomEvenDegreeGraphEij
FN:171,_ZN5Graph10edgeExistsEii
FNDA:0,_ZN5Graph10edgeExistsEii
FN:181,_Z11processArgsiPPcRiS1_Rj
FNDA:2,_Z11processArgsiPPcRiS1_Rj
FN:206,main
FNDA:2,main
DA:18,2
DA:19,2
DA:20,2
DA:21,2
DA:24,12
DA:25,12
DA:26,12
DA:27,12
DA:30,12
DA:31,12
DA:32,12
DA:33,12
DA:36,2
DA:37,2
DA:38,2
DA:41,2
DA:42,2
DA:43,2
DA:44,2
DA:49,2
DA:50,0
DA:53,2
DA:56,14
DA:57,12
DA:58,0
DA:60,2
DA:61,2
DA:64,12
DA:65,12
DA:66,36
DA:67,24
DA:68,10
DA:71,12
DA:74,2
DA:75,14
DA:76,12
DA:77,0
DA:79,2
DA:83,2
DA:84,2
DA:85,0
DA:86,0
DA:89,2
DA:90,0
DA:91,0
DA:95,2
DA:96,2
DA:99,2
DA:100,2
DA:101,2
DA:102,2
DA:103,2
DA:108,2
DA:109,2
DA:112,28
DA:113,26
DA:115,12
DA:118,12
DA:119,12
DA:122,12
DA:125,14
DA:128,14
DA:129,14
DA:134,2
DA:135,16
DA:136,14
DA:137,14
DA:138,12
DA:140,2
DA:141,2
DA:144,2
DA:145,2
DA:148,2
DA:151,14
DA:152,12
DA:153,12
DA:154,12
DA:158,2
DA:159,0
DA:160,0
DA:163,0
DA:164,0
DA:165,0
DA:168,2
DA:171,0
DA:172,0
DA:173,0
DA:174,0
DA:176,0
DA:181,2
DA:183,8
DA:184,6
DA:185,2
DA:186,2
DA:187,2
DA:188,2
DA:189,2
DA:190,2
DA:191,2
DA:192,2
DA:193,2
DA:194,0
DA:195,0
DA:196,0
DA:200,2
DA:201,0
DA:202,0
DA:204,2
DA:206,2
DA:207,2
DA:208,2
DA:211,2
DA:214,2
DA:217,2
DA:220,2
DA:222,2
DA:223,2
end_of_record
SF:/usr/include/c++/11/bits/stl_stack.h
FN:162,_ZNSt5stackIiSt5dequeIiSaIiEEEC2IS2_vEEv
FNDA:2,_ZNSt5stackIiSt5dequeIiSaIiEEEC2IS2_vEEv
FN:199,_ZNKSt5stackIiSt5dequeIiSaIiEEE5emptyEv
FNDA:28,_ZNKSt5stackIiSt5dequeIiSaIiEEE5emptyEv
FN:212,_ZNSt5stackIiSt5dequeIiSaIiEEE3topEv
FNDA:14,_ZNSt5stackIiSt5dequeIiSaIiEEE3topEv
FN:239,_ZNSt5stackIiSt5dequeIiSaIiEEE4pushERKi
FNDA:14,_ZNSt5stackIiSt5dequeIiSaIiEEE4pushERKi
FN:272,_ZNSt5stackIiSt5dequeIiSaIiEEE3popEv
FNDA:14,_ZNSt5stackIiSt5dequeIiSaIiEEE3popEv
DA:162,2
DA:163,2
DA:199,28
DA:200,28
DA:212,14
DA:215,14
DA:239,14
DA:240,14
DA:272,14
DA:275,14
DA:276,14
end_of_record
SF:/usr/include/c++/11/bits/allocator.h
FN:156,_ZNSaISt10_List_nodeIiEEC2Ev
FNDA:12,_ZNSaISt10_List_nodeIiEEC2Ev
FN:156,_ZNSaIbEC2Ev
FNDA:2,_ZNSaIbEC2Ev
FN:156,_ZNSaIiEC2Ev
FNDA:4,_ZNSaIiEC2Ev
FN:156,_ZNSaINSt7__cxx114listIiSaIiEEEEC2Ev
FNDA:2,_ZNSaINSt7__cxx114listIiSaIiEEEEC2Ev
FN:159,_ZNSaISt10_List_nodeIiEEC2ERKS1_
FNDA:24,_ZNSaISt10_List_nodeIiEEC2ERKS1_
FN:159,_ZNSaImEC2ERKS_
FNDA:2,_ZNSaImEC2ERKS_
FN:169,_ZNSaIPiEC2IiEERKSaIT_E
FNDA:4,_ZNSaIPiEC2IiEERKSaIT_E
FN:169,_ZNSaImEC2IbEERKSaIT_E
FNDA:2,_ZNSaImEC2IbEERKSaIT_E
FN:169,_ZNSaISt10_List_nodeIiEEC2IiEERKSaIT_E
FNDA:24,_ZNSaISt10_List_nodeIiEEC2IiEERKSaIT_E
FN:169,_ZNSaIiEC2ISt10_List_nodeIiEEERKSaIT_E
FNDA:24,_ZNSaIiEC2ISt10_List_nodeIiEEERKSaIT_E
FN:174,_ZNSaINSt7__cxx114listIiSaIiEEEED2Ev
FNDA:2,_ZNSaINSt7__cxx114listIiSaIiEEEED2Ev
FN:174,_ZNSaIbED2Ev
FNDA:2,_ZNSaIbED2Ev
FN:174,_ZNSaIiED2Ev
FNDA:28,_ZNSaIiED2Ev
FN:174,_ZNSaISt10_List_nodeIiEED2Ev
FNDA:60,_ZNSaISt10_List_nodeIiEED2Ev
FN:174,_ZNSaImED2Ev
FNDA:4,_ZNSaImED2Ev
FN:174,_ZNSaIPiED2Ev
FNDA:4,_ZNSaIPiED2Ev
FN:290,_ZNSt11__alloc_neqISaISt10_List_nodeIiEELb1EE8_S_do_itERKS2_S5_
FNDA:24,_ZNSt11__alloc_neqISaISt10_List_nodeIiEELb1EE8_S_do_itERKS2_S5_
DA:156,12
DA:156,4
DA:156,2
DA:156,2
DA:159,24
DA:160,24
DA:159,2
DA:160,2
DA:169,4
DA:169,2
DA:169,24
DA:169,24
DA:174,4
DA:174,4
DA:174,60
DA:174,28
DA:174,2
DA:174,2
DA:290,24
DA:291,24
end_of_record
SF:/usr/include/c++/11/bits/stl_deque.h
FN:96,_ZSt16__deque_buf_sizem
FNDA:12,_ZSt16__deque_buf_sizem
FN:131,_ZNSt15_Deque_iteratorIiRiPiE14_S_buffer_sizeEv
FNDA:4,_ZNSt15_Deque_iteratorIiRiPiE14_S_buffer_sizeEv
FN:151,_ZNSt15_Deque_iteratorIiRiPiEC2Ev
FNDA:4,_ZNSt15_Deque_iteratorIiRiPiEC2Ev
FN:168,_ZNSt15_Deque_iteratorIiRiPiEC2ERKS2_
FNDA:18,_ZNSt15_Deque_iteratorIiRiPiEC2ERKS2_
FN:180,_ZNKSt15_Deque_iteratorIiRiPiEdeEv
FNDA:14,_ZNKSt15_Deque_iteratorIiRiPiEdeEv
FN:208,_ZNSt15_Deque_iteratorIiRiPiEmmEv
FNDA:14,_ZNSt15_Deque_iteratorIiRiPiEmmEv
FN:260,_ZNSt15_Deque_iteratorIiRiPiE11_M_set_nodeEPS1_
FNDA:4,_ZNSt15_Deque_iteratorIiRiPiE11_M_set_nodeEPS1_
FN:268,_ZSteqRKSt15_Deque_iteratorIiRiPiES4_
FNDA:28,_ZSteqRKSt15_Deque_iteratorIiRiPiES4_
FN:353,_ZStmiRKSt15_Deque_iteratorIiRiPiES4_
FNDA:0,_ZStmiRKSt15_Deque_iteratorIiRiPiES4_
FN:437,_ZNSt11_Deque_baseIiSaIiEEC2Ev
FNDA:2,_ZNSt11_Deque_baseIiSaIiEEC2Ev
FN:495,_ZNSt11_Deque_baseIiSaIiEE16_Deque_impl_dataC2Ev
FNDA:2,_ZNSt11_Deque_baseIiSaIiEE16_Deque_impl_dataC2Ev
FN:524,_ZNSt11_Deque_baseIiSaIiEE11_Deque_implC2Ev
FNDA:2,_ZNSt11_Deque_baseIiSaIiEE11_Deque_implC2Ev
FN:547,_ZNSt11_Deque_baseIiSaIiEE19_M_get_Tp_allocatorEv
FNDA:16,_ZNSt11_Deque_baseIiSaIiEE19_M_get_Tp_allocatorEv
FN:551,_ZNKSt11_Deque_baseIiSaIiEE19_M_get_Tp_allocatorEv
FNDA:4,_ZNKSt11_Deque_baseIiSaIiEE19_M_get_Tp_allocatorEv
FN:555,_ZNKSt11_Deque_baseIiSaIiEE20_M_get_map_allocatorEv
FNDA:4,_ZNKSt11_Deque_baseIiSaIiEE20_M_get_map_allocatorEv
FN:559,_ZNSt11_Deque_baseIiSaIiEE16_M_allocate_nodeEv
FNDA:2,_ZNSt11_Deque_baseIiSaIiEE16_M_allocate_nodeEv
FN:566,_ZNSt11_Deque_baseIiSaIiEE18_M_deallocate_nodeEPi
FNDA:2,_ZNSt11_Deque_baseIiSaIiEE18_M_deallocate_nodeEPi
FN:573,_ZNSt11_Deque_baseIiSaIiEE15_M_allocate_mapEm
FNDA:2,_ZNSt11_Deque_baseIiSaIiEE15_M_allocate_mapEm
FN:580,_ZNSt11_Deque_baseIiSaIiEE17_M_deallocate_mapEPPim
FNDA:2,_ZNSt11_Deque_baseIiSaIiEE17_M_deallocate_mapEPPim
FN:596,_ZNSt11_Deque_baseIiSaIiEED2Ev
FNDA:2,_ZNSt11_Deque_baseIiSaIiEED2Ev
FN:617,_ZNSt11_Deque_baseIiSaIiEE17_M_initialize_mapEm
FNDA:2,_ZNSt11_Deque_baseIiSaIiEE17_M_initialize_mapEm
FN:656,_ZNSt11_Deque_baseIiSaIiEE15_M_create_nodesEPPiS3_
FNDA:2,_ZNSt11_Deque_baseIiSaIiEE15_M_create_nodesEPPiS3_
FN:674,_ZNSt11_Deque_baseIiSaIiEE16_M_destroy_nodesEPPiS3_
FNDA:2,_ZNSt11_Deque_baseIiSaIiEE16_M_destroy_nodesEPPiS3_
FN:834,_ZNSt5dequeIiSaIiEEC2Ev
FNDA:2,_ZNSt5dequeIiSaIiEEC2Ev
FN:1006,_ZNSt5dequeIiSaIiEED2Ev
FNDA:2,_ZNSt5dequeIiSaIiEED2Ev
FN:1128,_ZNSt5dequeIiSaIiEE5beginEv
FNDA:2,_ZNSt5dequeIiSaIiEE5beginEv
FN:1145,_ZNSt5dequeIiSaIiEE3endEv
FNDA:16,_ZNSt5dequeIiSaIiEE3endEv
FN:1233,_ZNKSt5dequeIiSaIiEE4sizeEv
FNDA:0,_ZNKSt5dequeIiSaIiEE4sizeEv
FN:1238,_ZNKSt5dequeIiSaIiEE8max_sizeEv
FNDA:0,_ZNKSt5dequeIiSaIiEE8max_sizeEv
FN:1311,_ZNKSt5dequeIiSaIiEE5emptyEv
FNDA:28,_ZNKSt5dequeIiSaIiEE5emptyEv
FN:1427,_ZNSt5dequeIiSaIiEE4backEv
FNDA:14,_ZNSt5dequeIiSaIiEE4backEv
FN:1496,_ZNSt5dequeIiSaIiEE9push_backERKi
FNDA:14,_ZNSt5dequeIiSaIiEE9push_backERKi
FN:1555,_ZNSt5dequeIiSaIiEE8pop_backEv
FNDA:14,_ZNSt5dequeIiSaIiEE8pop_backEv
FN:1834,_ZNSt5dequeIiSaIiEE11_S_max_sizeERKS0_
FNDA:0,_ZNSt5dequeIiSaIiEE11_S_max_sizeERKS0_
FN:2045,_ZNSt5dequeIiSaIiEE15_M_destroy_dataESt15_Deque_iteratorIiRiPiES5_RKS0_
FNDA:2,_ZNSt5dequeIiSaIiEE15_M_destroy_dataESt15_Deque_iteratorIiRiPiES5_RKS0_
FN:2126,_ZNSt5dequeIiSaIiEE22_M_reserve_map_at_backEm
FNDA:0,_ZNSt5dequeIiSaIiEE22_M_reserve_map_at_backEm
DA:96,12
DA:98,12
DA:131,4
DA:132,4
DA:151,4
DA:152,4
DA:168,18
DA:169,18
DA:170,18
DA:180,14
DA:181,14
DA:208,14
DA:210,14
DA:212,0
DA:213,0
DA:215,14
DA:216,14
DA:260,4
DA:262,4
DA:263,4
DA:264,4
DA:265,4
DA:268,28
DA:269,28
DA:353,0
DA:355,0
DA:356,0
DA:357,0
DA:358,0
DA:437,2
DA:438,2
DA:439,2
DA:495,2
DA:496,2
DA:497,2
DA:524,2
DA:526,2
DA:527,2
DA:547,16
DA:548,16
DA:551,4
DA:552,4
DA:555,4
DA:556,4
DA:559,2
DA:562,2
DA:566,2
DA:569,2
DA:570,2
DA:573,2
DA:575,2
DA:576,4
DA:577,2
DA:580,2
DA:582,2
DA:583,2
DA:584,2
DA:596,2
DA:599,2
DA:601,2
DA:602,2
DA:603,2
DA:605,2
DA:617,2
DA:620,2
DA:623,4
DA:624,2
DA:625,2
DA:632,2
DA:633,2
DA:634,2
DA:637,2
DA:638,0
DA:640,0
DA:641,0
DA:642,0
DA:643,0
DA:646,2
DA:647,2
DA:648,2
DA:649,4
DA:650,2
DA:651,2
DA:652,2
DA:656,2
DA:662,4
DA:663,2
DA:665,0
DA:667,0
DA:668,0
DA:670,2
DA:674,2
DA:678,4
DA:679,2
DA:680,2
DA:834,2
DA:1006,2
DA:1007,2
DA:1128,2
DA:1129,2
DA:1145,16
DA:1146,16
DA:1233,0
DA:1234,0
DA:1238,0
DA:1239,0
DA:1311,28
DA:1312,28
DA:1427,14
DA:1430,14
DA:1431,14
DA:1432,14
DA:1496,14
DA:1498,14
DA:1499,14
DA:1501,14
DA:1503,14
DA:1506,0
DA:1507,14
DA:1555,14
DA:1558,14
DA:1559,14
DA:1561,14
DA:1562,14
DA:1566,0
DA:1567,14
DA:1834,0
DA:1836,0
DA:1837,0
DA:1838,0
DA:2045,2
DA:2050,2
DA:2126,0
DA:2128,0
DA:2129,0
DA:2130,0
DA:2131,0
end_of_record
SF:/usr/include/c++/11/bits/deque.tcc
FN:484,_ZNSt5dequeIiSaIiEE16_M_push_back_auxIJRKiEEEvDpOT_
FNDA:0,_ZNSt5dequeIiSaIiEE16_M_push_back_auxIJRKiEEEvDpOT_
FN:560,_ZNSt5dequeIiSaIiEE15_M_pop_back_auxEv
FNDA:0,_ZNSt5dequeIiSaIiEE15_M_pop_back_auxEv
FN:931,_ZNSt5dequeIiSaIiEE17_M_reallocate_mapEmb
FNDA:0,_ZNSt5dequeIiSaIiEE17_M_reallocate_mapEmb
DA:484,0
DA:492,0
DA:493,0
DA:496,0
DA:497,0
DA:501,0
DA:507,0
DA:509,0
DA:516,0
DA:560,0
DA:563,0
DA:564,0
DA:565,0
DA:566,0
DA:568,0
DA:931,0
DA:934,0
DA:935,0
DA:936,0
DA:939,0
DA:941,0
DA:942,0
DA:943,0
DA:944,0
DA:945,0
DA:946,0
DA:949,0
DA:950,0
DA:951,0
DA:955,0
DA:956,0
DA:959,0
DA:960,0
DA:961,0
DA:962,0
DA:963,0
DA:965,0
DA:967,0
DA:968,0
DA:971,0
DA:972,0
DA:973,0
end_of_record
